<?xml version="1.0" encoding="UTF-8"?>
<testsuite name="Matrix" tests="4" skipped="0" failures="0" errors="0" timestamp="2022-01-02T21:03:22" hostname="METIDJI-SID-AHM" time="0.281">
  <properties/>
  <testcase name="Determinant" classname="Matrix" time="0.272"/>
  <testcase name="Transpose" classname="Matrix" time="0.003"/>
  <testcase name="Inverse" classname="Matrix" time="0.003"/>
  <testcase name="Cofactor" classname="Matrix" time="0.003"/>
  <system-out><![CDATA[]]></system-out>
  <system-err><![CDATA[]]></system-err>
</testsuite>
